<?xml version="1.0" encoding="UTF-8"?>
<!-- Generated by org.testng.reporters.JUnitReportReporter -->
<testsuite hostname="dilhans-mbp" failures="0" tests="1" name="com.qa.tests.FitdayTest" time="0.016" errors="0" timestamp="2023-08-16T05:13:33 IST" skipped="0">
  <testcase classname="com.qa.tests.FitdayTest" name="headTailsTitleValidation" time="0.016"/>
</testsuite> <!-- com.qa.tests.FitdayTest -->
